<?xml version="1.0" encoding="UTF-8"?>
<testsuite name="com.magic.haptic.HapticEncoderTest" tests="4" skipped="0" failures="0" errors="0" timestamp="2026-04-04T18:23:07.517Z" hostname="APAC-MB05JPK9V" time="0.053">
  <properties/>
  <testcase name="testAll52CardsHaveUniquePatterns" classname="com.magic.haptic.HapticEncoderTest" time="0.051"/>
  <testcase name="testInvalidCardReturnsNull" classname="com.magic.haptic.HapticEncoderTest" time="0.0"/>
  <testcase name="testAceOfSpadesEncoding" classname="com.magic.haptic.HapticEncoderTest" time="0.001"/>
  <testcase name="testTenOfHeartsEncoding" classname="com.magic.haptic.HapticEncoderTest" time="0.0"/>
  <system-out><![CDATA[]]></system-out>
  <system-err><![CDATA[]]></system-err>
</testsuite>
